小时光数据

【本周六(9月10日)】
上传照片数 466,603
上传照片用户数 32,639
写日记数 56,405
写日记用户数 35,283
关注次数 78,708
关注行为用户数 7,995

【上周六(9月3日)】
上传照片数 466,603
上传照片用户数 32,639
写日记数 56,405
写日记用户数 35,283
关注次数 78,708
关注行为用户数 7,995

时光数据

2016-09-10

照片数：436693
上传照片用户数：31324
日记数：54927
写日记用户数：32707
关注次数：74525
产生关注行为的用户数：7279

七日前数据(2016-09-03)

照片数：464198
上传照片用户数：32545
日记数：55941
写日记用户数：35148
关注次数：78708
产生关注行为的用户数：7995

==============
时光核心数据

2016-09-24

照片数：430164
上传照片用户数：31456
日记数：87411
写日记用户数：34462
视频数：11565
上传视频用户数：4169
关注次数：31514
产生关注行为的用户数：4298
Push条数：6 其中未启动：3

七日前数据 2016-09-17

照片数：473316
上传照片用户数：31379
日记数：52997
写日记用户数：32237
视频数：5450
上传视频用户数：2848
关注次数：51898
产生关注行为的用户数：6326
Push条数：6 其中未启动：3

==============


时光 DAU

【本周六(9月24日)】410,063
iOS活跃	153303	
iOS新增	3417
Android活跃	256760
Android新增	8725

【上周六(9月17日)】410,506
iOS活跃	150548
iOS新增	3205
Android活跃	259958
Android新增	9771	

安卓数据有2个多小时的延迟，明早再看

【上周六(9月10日)】421,085
iOS活跃	157513
iOS新增	3349
Android活跃	263572
Android新增	6797

153488 + 260921
414409
3433 + 9652
13085

【上周六(9月3日)】421,450
iOS活跃	156,263
iOS新增	2,909
Android活跃	265,187
Android新增	5,692

2016-09-17

照片数：475408
上传照片用户数：31464
日记数：53335
写日记用户数：32348
关注次数：51898
产生关注行为的用户数：6315
Push条数：6 其中未启动：3

七日前数据(2016-09-10)

照片数：434270
上传照片用户数：31236
日记数：54538
写日记用户数：32581
关注次数：74525
产生关注行为的用户数：7279
Push条数：8 其中未启动：4